::1 - - [18/Jan/2021:18:07:08 +0000] "GET /api/v1/cars/ HTTP/1.1" 200 4 "-" "PostmanRuntime/7.26.8"
::1 - - [18/Jan/2021:19:01:12 +0000] "GET /api/v1/cars/ HTTP/1.1" 200 2 "-" "PostmanRuntime/7.26.8"
::1 - - [18/Jan/2021:19:02:12 +0000] "GET /api/v1/cars/ HTTP/1.1" 200 2 "-" "PostmanRuntime/7.26.8"
::1 - - [18/Jan/2021:19:07:03 +0000] "GET /api/v1/cars/ HTTP/1.1" 200 2 "-" "PostmanRuntime/7.26.8"
::1 - - [18/Jan/2021:19:07:54 +0000] "GET /api/v1/cars/ HTTP/1.1" 200 2 "-" "PostmanRuntime/7.26.8"
::1 - - [18/Jan/2021:19:10:19 +0000] "GET /api/v1/cars/ HTTP/1.1" - - "-" "PostmanRuntime/7.26.8"
::1 - - [18/Jan/2021:19:20:30 +0000] "GET /api/v1/cars/ HTTP/1.1" - - "-" "PostmanRuntime/7.26.8"
::1 - - [18/Jan/2021:19:35:55 +0000] "GET /api/v1/cars/ HTTP/1.1" - - "-" "PostmanRuntime/7.26.8"
::1 - - [18/Jan/2021:19:41:11 +0000] "GET /api/v1/cars/ HTTP/1.1" 200 154 "-" "PostmanRuntime/7.26.8"
::1 - - [18/Jan/2021:19:41:32 +0000] "GET /api/v1/cars/ HTTP/1.1" 200 154 "-" "PostmanRuntime/7.26.8"
::1 - - [18/Jan/2021:19:58:40 +0000] "GET /api/v1/cars/1 HTTP/1.1" 200 4 "-" "PostmanRuntime/7.26.8"
::1 - - [18/Jan/2021:19:58:51 +0000] "GET /api/v1/cars/1 HTTP/1.1" 200 53 "-" "PostmanRuntime/7.26.8"
::1 - - [18/Jan/2021:20:04:46 +0000] "POST /api/v1/cars/ HTTP/1.1" 201 2 "-" "PostmanRuntime/7.26.8"
::1 - - [18/Jan/2021:20:05:44 +0000] "POST /api/v1/cars/ HTTP/1.1" 201 91 "-" "PostmanRuntime/7.26.8"
::1 - - [18/Jan/2021:20:13:52 +0000] "POST /api/v1/cars/ HTTP/1.1" 201 - "-" "PostmanRuntime/7.26.8"
::1 - - [18/Jan/2021:20:15:08 +0000] "POST /api/v1/cars/ HTTP/1.1" 500 56 "-" "PostmanRuntime/7.26.8"
::1 - - [18/Jan/2021:20:25:19 +0000] "POST /api/v1/cars/ HTTP/1.1" 201 104 "-" "PostmanRuntime/7.26.8"
::1 - - [18/Jan/2021:20:26:55 +0000] "POST /api/v1/cars/ HTTP/1.1" 201 14 "-" "PostmanRuntime/7.26.8"
::1 - - [19/Jan/2021:20:56:57 +0000] "POST /api/v1/users/register HTTP/1.1" 500 1430 "-" "PostmanRuntime/7.26.8"
::1 - - [19/Jan/2021:20:58:10 +0000] "POST /api/v1/users/register HTTP/1.1" 500 1430 "-" "PostmanRuntime/7.26.8"
::1 - - [19/Jan/2021:21:01:40 +0000] "POST /api/v1/users/register HTTP/1.1" 500 1430 "-" "PostmanRuntime/7.26.8"
::1 - - [19/Jan/2021:21:02:23 +0000] "POST /api/v1/users/register HTTP/1.1" 500 1430 "-" "PostmanRuntime/7.26.8"
::1 - - [19/Jan/2021:21:02:24 +0000] "POST /api/v1/users/register HTTP/1.1" 500 1430 "-" "PostmanRuntime/7.26.8"
::1 - - [19/Jan/2021:21:04:15 +0000] "POST /api/v1/users/register HTTP/1.1" 500 1430 "-" "PostmanRuntime/7.26.8"
::1 - - [19/Jan/2021:21:05:38 +0000] "POST /api/v1/users/register HTTP/1.1" 500 1431 "-" "PostmanRuntime/7.26.8"
::1 - - [19/Jan/2021:21:11:59 +0000] "POST /api/v1/users/register HTTP/1.1" 400 45 "-" "PostmanRuntime/7.26.8"
::1 - - [19/Jan/2021:21:12:17 +0000] "POST /api/v1/users/register HTTP/1.1" 400 53 "-" "PostmanRuntime/7.26.8"
::1 - - [19/Jan/2021:21:13:45 +0000] "POST /api/v1/users/register HTTP/1.1" 400 45 "-" "PostmanRuntime/7.26.8"
::1 - - [19/Jan/2021:21:14:38 +0000] "POST /api/v1/users/register HTTP/1.1" 400 45 "-" "PostmanRuntime/7.26.8"
::1 - - [19/Jan/2021:21:14:39 +0000] "POST /api/v1/users/register HTTP/1.1" 400 45 "-" "PostmanRuntime/7.26.8"
::1 - - [19/Jan/2021:21:14:46 +0000] "POST /api/v1/users/register HTTP/1.1" 201 60 "-" "PostmanRuntime/7.26.8"
